<?xml version="1.0" encoding="UTF-8"?>
<coverage generated="1787362557781" clover="3.2.0">
  <project timestamp="1787362557781" name="All files">
    <metrics statements="109" coveredstatements="43" conditionals="165" coveredconditionals="38" methods="40" coveredmethods="8" elements="314" coveredelements="89" complexity="0" loc="109" ncloc="109" packages="1" files="1" classes="1"/>
    <file name="ChartRenderer.jsx" path="C:\Users\hamza\Desktop\ask_your_data\frontend\src\components\ChartRenderer.jsx">
      <metrics statements="109" coveredstatements="43" conditionals="165" coveredconditionals="38" methods="40" coveredmethods="8"/>
      <line num="28" count="1" type="stmt"/>
      <line num="34" count="1" type="stmt"/>
      <line num="35" count="5" type="cond" truecount="1" falsecount="1"/>
      <line num="36" count="5" type="cond" truecount="1" falsecount="1"/>
      <line num="37" count="5" type="cond" truecount="1" falsecount="1"/>
      <line num="38" count="5" type="cond" truecount="1" falsecount="1"/>
      <line num="39" count="5" type="stmt"/>
      <line num="42" count="1" type="stmt"/>
      <line num="43" count="5" type="stmt"/>
      <line num="44" count="5" type="stmt"/>
      <line num="47" count="5" type="stmt"/>
      <line num="48" count="5" type="stmt"/>
      <line num="49" count="5" type="stmt"/>
      <line num="50" count="5" type="stmt"/>
      <line num="51" count="5" type="stmt"/>
      <line num="52" count="5" type="stmt"/>
      <line num="53" count="5" type="stmt"/>
      <line num="55" count="5" type="stmt"/>
      <line num="56" count="5" type="stmt"/>
      <line num="57" count="5" type="stmt"/>
      <line num="59" count="5" type="cond" truecount="4" falsecount="0"/>
      <line num="61" count="4" type="cond" truecount="2" falsecount="0"/>
      <line num="62" count="5" type="cond" truecount="1" falsecount="1"/>
      <line num="63" count="5" type="stmt"/>
      <line num="64" count="5" type="cond" truecount="1" falsecount="1"/>
      <line num="66" count="5" type="cond" truecount="1" falsecount="1"/>
      <line num="67" count="5" type="cond" truecount="2" falsecount="0"/>
      <line num="69" count="5" type="stmt"/>
      <line num="70" count="4" type="stmt"/>
      <line num="71" count="4" type="cond" truecount="2" falsecount="2"/>
      <line num="72" count="0" type="stmt"/>
      <line num="73" count="0" type="cond" truecount="0" falsecount="2"/>
      <line num="74" count="0" type="cond" truecount="0" falsecount="2"/>
      <line num="75" count="0" type="cond" truecount="0" falsecount="2"/>
      <line num="78" count="4" type="stmt"/>
      <line num="81" count="5" type="stmt"/>
      <line num="82" count="3" type="stmt"/>
      <line num="83" count="3" type="stmt"/>
      <line num="88" count="6" type="stmt"/>
      <line num="93" count="5" type="stmt"/>
      <line num="95" count="10" type="stmt"/>
      <line num="107" count="5" type="stmt"/>
      <line num="108" count="1" type="stmt"/>
      <line num="110" count="1" type="cond" truecount="1" falsecount="1"/>
      <line num="111" count="1" type="stmt"/>
      <line num="112" count="1" type="stmt"/>
      <line num="122" count="0" type="cond" truecount="0" falsecount="2"/>
      <line num="123" count="0" type="cond" truecount="0" falsecount="2"/>
      <line num="124" count="0" type="stmt"/>
      <line num="127" count="0" type="cond" truecount="0" falsecount="2"/>
      <line num="128" count="0" type="cond" truecount="0" falsecount="2"/>
      <line num="129" count="0" type="stmt"/>
      <line num="150" count="0" type="cond" truecount="0" falsecount="2"/>
      <line num="151" count="0" type="stmt"/>
      <line num="152" count="0" type="stmt"/>
      <line num="153" count="0" type="cond" truecount="0" falsecount="2"/>
      <line num="154" count="0" type="stmt"/>
      <line num="155" count="0" type="stmt"/>
      <line num="156" count="0" type="stmt"/>
      <line num="164" count="0" type="stmt"/>
      <line num="170" count="0" type="cond" truecount="0" falsecount="2"/>
      <line num="173" count="0" type="stmt"/>
      <line num="184" count="0" type="stmt"/>
      <line num="189" count="0" type="stmt"/>
      <line num="190" count="0" type="stmt"/>
      <line num="193" count="0" type="cond" truecount="0" falsecount="2"/>
      <line num="196" count="0" type="stmt"/>
      <line num="202" count="0" type="cond" truecount="0" falsecount="4"/>
      <line num="203" count="0" type="cond" truecount="0" falsecount="2"/>
      <line num="205" count="0" type="cond" truecount="0" falsecount="4"/>
      <line num="208" count="0" type="cond" truecount="0" falsecount="6"/>
      <line num="212" count="0" type="stmt"/>
      <line num="225" count="0" type="stmt"/>
      <line num="229" count="0" type="stmt"/>
      <line num="234" count="0" type="stmt"/>
      <line num="243" count="0" type="cond" truecount="0" falsecount="2"/>
      <line num="244" count="0" type="stmt"/>
      <line num="256" count="0" type="cond" truecount="0" falsecount="2"/>
      <line num="257" count="0" type="stmt"/>
      <line num="275" count="0" type="cond" truecount="0" falsecount="5"/>
      <line num="276" count="0" type="stmt"/>
      <line num="277" count="0" type="stmt"/>
      <line num="301" count="0" type="cond" truecount="0" falsecount="2"/>
      <line num="302" count="0" type="stmt"/>
      <line num="307" count="0" type="cond" truecount="0" falsecount="2"/>
      <line num="309" count="0" type="stmt"/>
      <line num="318" count="0" type="cond" truecount="0" falsecount="2"/>
      <line num="319" count="0" type="stmt"/>
      <line num="324" count="0" type="cond" truecount="0" falsecount="2"/>
      <line num="325" count="0" type="cond" truecount="0" falsecount="2"/>
      <line num="326" count="0" type="stmt"/>
      <line num="335" count="0" type="cond" truecount="0" falsecount="2"/>
      <line num="336" count="0" type="stmt"/>
      <line num="342" count="0" type="stmt"/>
      <line num="344" count="0" type="stmt"/>
      <line num="352" count="0" type="stmt"/>
      <line num="355" count="5" type="stmt"/>
      <line num="366" count="0" type="stmt"/>
      <line num="376" count="0" type="stmt"/>
      <line num="390" count="0" type="stmt"/>
      <line num="391" count="0" type="cond" truecount="0" falsecount="2"/>
      <line num="392" count="0" type="cond" truecount="0" falsecount="2"/>
      <line num="412" count="0" type="stmt"/>
      <line num="433" count="0" type="stmt"/>
      <line num="440" count="0" type="stmt"/>
      <line num="448" count="0" type="stmt"/>
      <line num="457" count="0" type="stmt"/>
      <line num="465" count="0" type="stmt"/>
      <line num="469" count="0" type="stmt"/>
    </file>
  </project>
</coverage>
