{"C:\\Users\\hamza\\Desktop\\ask_your_data\\frontend\\src\\components\\ChartRenderer.jsx": {"path":"C:\\Users\\hamza\\Desktop\\ask_your_data\\frontend\\src\\components\\ChartRenderer.jsx","statementMap":{"0":{"start":{"line":28,"column":17},"end":{"line":32,"column":null}},"1":{"start":{"line":34,"column":6},"end":{"line":40,"column":null}},"2":{"start":{"line":35,"column":2},"end":{"line":35,"column":null}},"3":{"start":{"line":35,"column":31},"end":{"line":35,"column":null}},"4":{"start":{"line":36,"column":2},"end":{"line":36,"column":null}},"5":{"start":{"line":36,"column":28},"end":{"line":36,"column":null}},"6":{"start":{"line":37,"column":2},"end":{"line":37,"column":null}},"7":{"start":{"line":37,"column":29},"end":{"line":37,"column":null}},"8":{"start":{"line":38,"column":2},"end":{"line":38,"column":null}},"9":{"start":{"line":38,"column":28},"end":{"line":38,"column":null}},"10":{"start":{"line":39,"column":2},"end":{"line":39,"column":null}},"11":{"start":{"line":42,"column":6},"end":{"line":486,"column":null}},"12":{"start":{"line":43,"column":34},"end":{"line":43,"column":null}},"13":{"start":{"line":44,"column":52},"end":{"line":44,"column":null}},"14":{"start":{"line":47,"column":42},"end":{"line":47,"column":null}},"15":{"start":{"line":48,"column":40},"end":{"line":48,"column":null}},"16":{"start":{"line":49,"column":32},"end":{"line":49,"column":null}},"17":{"start":{"line":50,"column":34},"end":{"line":50,"column":null}},"18":{"start":{"line":51,"column":38},"end":{"line":51,"column":null}},"19":{"start":{"line":52,"column":42},"end":{"line":52,"column":null}},"20":{"start":{"line":53,"column":36},"end":{"line":53,"column":null}},"21":{"start":{"line":55,"column":18},"end":{"line":55,"column":null}},"22":{"start":{"line":56,"column":25},"end":{"line":56,"column":null}},"23":{"start":{"line":57,"column":24},"end":{"line":57,"column":null}},"24":{"start":{"line":59,"column":2},"end":{"line":59,"column":null}},"25":{"start":{"line":59,"column":34},"end":{"line":59,"column":null}},"26":{"start":{"line":61,"column":24},"end":{"line":61,"column":null}},"27":{"start":{"line":62,"column":15},"end":{"line":62,"column":null}},"28":{"start":{"line":63,"column":24},"end":{"line":63,"column":null}},"29":{"start":{"line":64,"column":25},"end":{"line":64,"column":null}},"30":{"start":{"line":66,"column":17},"end":{"line":66,"column":null}},"31":{"start":{"line":67,"column":25},"end":{"line":67,"column":null}},"32":{"start":{"line":69,"column":24},"end":{"line":79,"column":null}},"33":{"start":{"line":70,"column":12},"end":{"line":70,"column":null}},"34":{"start":{"line":71,"column":4},"end":{"line":77,"column":null}},"35":{"start":{"line":72,"column":6},"end":{"line":76,"column":null}},"36":{"start":{"line":73,"column":21},"end":{"line":73,"column":null}},"37":{"start":{"line":74,"column":21},"end":{"line":74,"column":null}},"38":{"start":{"line":75,"column":8},"end":{"line":75,"column":null}},"39":{"start":{"line":78,"column":4},"end":{"line":78,"column":null}},"40":{"start":{"line":81,"column":8},"end":{"line":105,"column":null}},"41":{"start":{"line":82,"column":17},"end":{"line":82,"column":null}},"42":{"start":{"line":83,"column":4},"end":{"line":103,"column":null}},"43":{"start":{"line":88,"column":31},"end":{"line":88,"column":153}},"44":{"start":{"line":93,"column":14},"end":{"line":99,"column":null}},"45":{"start":{"line":95,"column":18},"end":{"line":97,"column":null}},"46":{"start":{"line":107,"column":8},"end":{"line":353,"column":null}},"47":{"start":{"line":108,"column":45},"end":{"line":108,"column":null}},"48":{"start":{"line":110,"column":4},"end":{"line":120,"column":null}},"49":{"start":{"line":111,"column":18},"end":{"line":111,"column":null}},"50":{"start":{"line":112,"column":6},"end":{"line":118,"column":null}},"51":{"start":{"line":122,"column":4},"end":{"line":148,"column":null}},"52":{"start":{"line":123,"column":21},"end":{"line":123,"column":null}},"53":{"start":{"line":123,"column":56},"end":{"line":123,"column":79}},"54":{"start":{"line":124,"column":6},"end":{"line":146,"column":null}},"55":{"start":{"line":127,"column":24},"end":{"line":127,"column":null}},"56":{"start":{"line":128,"column":30},"end":{"line":128,"column":null}},"57":{"start":{"line":129,"column":12},"end":{"line":143,"column":null}},"58":{"start":{"line":150,"column":4},"end":{"line":182,"column":null}},"59":{"start":{"line":151,"column":23},"end":{"line":151,"column":null}},"60":{"start":{"line":152,"column":21},"end":{"line":163,"column":null}},"61":{"start":{"line":153,"column":20},"end":{"line":153,"column":null}},"62":{"start":{"line":154,"column":22},"end":{"line":154,"column":null}},"63":{"start":{"line":155,"column":8},"end":{"line":155,"column":null}},"64":{"start":{"line":156,"column":8},"end":{"line":162,"column":null}},"65":{"start":{"line":164,"column":6},"end":{"line":180,"column":null}},"66":{"start":{"line":170,"column":87},"end":{"line":170,"column":118}},"67":{"start":{"line":173,"column":51},"end":{"line":173,"column":null}},"68":{"start":{"line":184,"column":24},"end":{"line":187,"column":null}},"69":{"start":{"line":189,"column":10},"end":{"line":199,"column":null}},"70":{"start":{"line":190,"column":6},"end":{"line":199,"column":null}},"71":{"start":{"line":193,"column":81},"end":{"line":193,"column":112}},"72":{"start":{"line":196,"column":32},"end":{"line":196,"column":null}},"73":{"start":{"line":202,"column":4},"end":{"line":241,"column":null}},"74":{"start":{"line":203,"column":22},"end":{"line":211,"column":null}},"75":{"start":{"line":205,"column":49},"end":{"line":205,"column":98}},"76":{"start":{"line":208,"column":59},"end":{"line":208,"column":108}},"77":{"start":{"line":208,"column":143},"end":{"line":208,"column":178}},"78":{"start":{"line":212,"column":6},"end":{"line":239,"column":null}},"79":{"start":{"line":225,"column":46},"end":{"line":225,"column":null}},"80":{"start":{"line":229,"column":18},"end":{"line":229,"column":null}},"81":{"start":{"line":234,"column":38},"end":{"line":234,"column":null}},"82":{"start":{"line":243,"column":4},"end":{"line":254,"column":null}},"83":{"start":{"line":244,"column":6},"end":{"line":252,"column":null}},"84":{"start":{"line":256,"column":4},"end":{"line":273,"column":null}},"85":{"start":{"line":257,"column":6},"end":{"line":271,"column":null}},"86":{"start":{"line":275,"column":4},"end":{"line":299,"column":null}},"87":{"start":{"line":276,"column":26},"end":{"line":276,"column":null}},"88":{"start":{"line":277,"column":6},"end":{"line":297,"column":null}},"89":{"start":{"line":301,"column":4},"end":{"line":316,"column":null}},"90":{"start":{"line":302,"column":6},"end":{"line":314,"column":null}},"91":{"start":{"line":307,"column":101},"end":{"line":307,"column":132}},"92":{"start":{"line":309,"column":170},"end":{"line":309,"column":201}},"93":{"start":{"line":318,"column":4},"end":{"line":333,"column":null}},"94":{"start":{"line":319,"column":6},"end":{"line":331,"column":null}},"95":{"start":{"line":324,"column":120},"end":{"line":324,"column":151}},"96":{"start":{"line":325,"column":120},"end":{"line":325,"column":151}},"97":{"start":{"line":326,"column":206},"end":{"line":326,"column":237}},"98":{"start":{"line":335,"column":4},"end":{"line":350,"column":null}},"99":{"start":{"line":336,"column":6},"end":{"line":348,"column":null}},"100":{"start":{"line":342,"column":84},"end":{"line":342,"column":115}},"101":{"start":{"line":344,"column":170},"end":{"line":344,"column":201}},"102":{"start":{"line":352,"column":4},"end":{"line":352,"column":null}},"103":{"start":{"line":355,"column":2},"end":{"line":484,"column":null}},"104":{"start":{"line":366,"column":29},"end":{"line":366,"column":null}},"105":{"start":{"line":376,"column":29},"end":{"line":376,"column":null}},"106":{"start":{"line":390,"column":36},"end":{"line":390,"column":null}},"107":{"start":{"line":391,"column":18},"end":{"line":391,"column":null}},"108":{"start":{"line":392,"column":18},"end":{"line":392,"column":null}},"109":{"start":{"line":412,"column":29},"end":{"line":412,"column":null}},"110":{"start":{"line":433,"column":29},"end":{"line":433,"column":null}},"111":{"start":{"line":440,"column":51},"end":{"line":440,"column":79}},"112":{"start":{"line":448,"column":56},"end":{"line":448,"column":89}},"113":{"start":{"line":457,"column":53},"end":{"line":457,"column":83}},"114":{"start":{"line":465,"column":71},"end":{"line":465,"column":103}},"115":{"start":{"line":469,"column":73},"end":{"line":469,"column":107}}},"fnMap":{"0":{"name":"(anonymous_0)","decl":{"start":{"line":34,"column":6},"end":{"line":34,"column":21}},"loc":{"start":{"line":34,"column":37},"end":{"line":40,"column":null}},"line":34},"1":{"name":"(anonymous_1)","decl":{"start":{"line":42,"column":6},"end":{"line":42,"column":23}},"loc":{"start":{"line":42,"column":47},"end":{"line":486,"column":null}},"line":42},"2":{"name":"(anonymous_2)","decl":{"start":{"line":69,"column":24},"end":{"line":69,"column":38}},"loc":{"start":{"line":69,"column":38},"end":{"line":79,"column":5}},"line":69},"3":{"name":"(anonymous_3)","decl":{"start":{"line":72,"column":8},"end":{"line":72,"column":14}},"loc":{"start":{"line":72,"column":23},"end":{"line":76,"column":7}},"line":72},"4":{"name":"(anonymous_4)","decl":{"start":{"line":81,"column":8},"end":{"line":81,"column":28}},"loc":{"start":{"line":81,"column":28},"end":{"line":105,"column":null}},"line":81},"5":{"name":"(anonymous_5)","decl":{"start":{"line":88,"column":20},"end":{"line":88,"column":25}},"loc":{"start":{"line":88,"column":31},"end":{"line":88,"column":153}},"line":88},"6":{"name":"(anonymous_6)","decl":{"start":{"line":92,"column":27},"end":{"line":92,"column":32}},"loc":{"start":{"line":93,"column":14},"end":{"line":99,"column":null}},"line":93},"7":{"name":"(anonymous_7)","decl":{"start":{"line":94,"column":22},"end":{"line":94,"column":27}},"loc":{"start":{"line":95,"column":18},"end":{"line":97,"column":null}},"line":95},"8":{"name":"(anonymous_8)","decl":{"start":{"line":107,"column":8},"end":{"line":107,"column":28}},"loc":{"start":{"line":107,"column":28},"end":{"line":353,"column":null}},"line":107},"9":{"name":"(anonymous_9)","decl":{"start":{"line":123,"column":47},"end":{"line":123,"column":51}},"loc":{"start":{"line":123,"column":56},"end":{"line":123,"column":79}},"line":123},"10":{"name":"(anonymous_10)","decl":{"start":{"line":126,"column":25},"end":{"line":126,"column":30}},"loc":{"start":{"line":126,"column":39},"end":{"line":145,"column":11}},"line":126},"11":{"name":"(anonymous_11)","decl":{"start":{"line":152,"column":35},"end":{"line":152,"column":39}},"loc":{"start":{"line":152,"column":44},"end":{"line":163,"column":7}},"line":152},"12":{"name":"(anonymous_12)","decl":{"start":{"line":170,"column":65},"end":{"line":170,"column":81}},"loc":{"start":{"line":170,"column":87},"end":{"line":170,"column":118}},"line":170},"13":{"name":"(anonymous_13)","decl":{"start":{"line":173,"column":16},"end":{"line":173,"column":28}},"loc":{"start":{"line":173,"column":51},"end":{"line":173,"column":null}},"line":173},"14":{"name":"(anonymous_14)","decl":{"start":{"line":189,"column":10},"end":{"line":189,"column":null}},"loc":{"start":{"line":190,"column":6},"end":{"line":199,"column":null}},"line":190},"15":{"name":"(anonymous_15)","decl":{"start":{"line":193,"column":59},"end":{"line":193,"column":75}},"loc":{"start":{"line":193,"column":81},"end":{"line":193,"column":112}},"line":193},"16":{"name":"(anonymous_16)","decl":{"start":{"line":196,"column":10},"end":{"line":196,"column":22}},"loc":{"start":{"line":196,"column":32},"end":{"line":196,"column":null}},"line":196},"17":{"name":"(anonymous_17)","decl":{"start":{"line":205,"column":34},"end":{"line":205,"column":40}},"loc":{"start":{"line":205,"column":49},"end":{"line":205,"column":98}},"line":205},"18":{"name":"(anonymous_18)","decl":{"start":{"line":208,"column":44},"end":{"line":208,"column":50}},"loc":{"start":{"line":208,"column":59},"end":{"line":208,"column":108}},"line":208},"19":{"name":"(anonymous_19)","decl":{"start":{"line":208,"column":120},"end":{"line":208,"column":128}},"loc":{"start":{"line":208,"column":143},"end":{"line":208,"column":178}},"line":208},"20":{"name":"(anonymous_20)","decl":{"start":{"line":225,"column":16},"end":{"line":225,"column":24}},"loc":{"start":{"line":225,"column":46},"end":{"line":225,"column":null}},"line":225},"21":{"name":"(anonymous_21)","decl":{"start":{"line":228,"column":25},"end":{"line":228,"column":30}},"loc":{"start":{"line":229,"column":18},"end":{"line":229,"column":null}},"line":229},"22":{"name":"(anonymous_22)","decl":{"start":{"line":234,"column":16},"end":{"line":234,"column":28}},"loc":{"start":{"line":234,"column":38},"end":{"line":234,"column":null}},"line":234},"23":{"name":"(anonymous_23)","decl":{"start":{"line":307,"column":79},"end":{"line":307,"column":95}},"loc":{"start":{"line":307,"column":101},"end":{"line":307,"column":132}},"line":307},"24":{"name":"(anonymous_24)","decl":{"start":{"line":309,"column":152},"end":{"line":309,"column":164}},"loc":{"start":{"line":309,"column":170},"end":{"line":309,"column":201}},"line":309},"25":{"name":"(anonymous_25)","decl":{"start":{"line":324,"column":98},"end":{"line":324,"column":114}},"loc":{"start":{"line":324,"column":120},"end":{"line":324,"column":151}},"line":324},"26":{"name":"(anonymous_26)","decl":{"start":{"line":325,"column":98},"end":{"line":325,"column":114}},"loc":{"start":{"line":325,"column":120},"end":{"line":325,"column":151}},"line":325},"27":{"name":"(anonymous_27)","decl":{"start":{"line":326,"column":188},"end":{"line":326,"column":200}},"loc":{"start":{"line":326,"column":206},"end":{"line":326,"column":237}},"line":326},"28":{"name":"(anonymous_28)","decl":{"start":{"line":342,"column":62},"end":{"line":342,"column":78}},"loc":{"start":{"line":342,"column":84},"end":{"line":342,"column":115}},"line":342},"29":{"name":"(anonymous_29)","decl":{"start":{"line":344,"column":152},"end":{"line":344,"column":164}},"loc":{"start":{"line":344,"column":170},"end":{"line":344,"column":201}},"line":344},"30":{"name":"(anonymous_30)","decl":{"start":{"line":366,"column":14},"end":{"line":366,"column":29}},"loc":{"start":{"line":366,"column":29},"end":{"line":366,"column":null}},"line":366},"31":{"name":"(anonymous_31)","decl":{"start":{"line":376,"column":14},"end":{"line":376,"column":29}},"loc":{"start":{"line":376,"column":29},"end":{"line":376,"column":null}},"line":376},"32":{"name":"(anonymous_32)","decl":{"start":{"line":389,"column":16},"end":{"line":389,"column":27}},"loc":{"start":{"line":389,"column":37},"end":{"line":393,"column":null}},"line":389},"33":{"name":"(anonymous_33)","decl":{"start":{"line":412,"column":14},"end":{"line":412,"column":29}},"loc":{"start":{"line":412,"column":29},"end":{"line":412,"column":null}},"line":412},"34":{"name":"(anonymous_34)","decl":{"start":{"line":433,"column":14},"end":{"line":433,"column":24}},"loc":{"start":{"line":433,"column":29},"end":{"line":433,"column":null}},"line":433},"35":{"name":"(anonymous_35)","decl":{"start":{"line":440,"column":36},"end":{"line":440,"column":46}},"loc":{"start":{"line":440,"column":51},"end":{"line":440,"column":79}},"line":440},"36":{"name":"(anonymous_36)","decl":{"start":{"line":448,"column":41},"end":{"line":448,"column":51}},"loc":{"start":{"line":448,"column":56},"end":{"line":448,"column":89}},"line":448},"37":{"name":"(anonymous_37)","decl":{"start":{"line":457,"column":38},"end":{"line":457,"column":48}},"loc":{"start":{"line":457,"column":53},"end":{"line":457,"column":83}},"line":457},"38":{"name":"(anonymous_38)","decl":{"start":{"line":465,"column":56},"end":{"line":465,"column":66}},"loc":{"start":{"line":465,"column":71},"end":{"line":465,"column":103}},"line":465},"39":{"name":"(anonymous_39)","decl":{"start":{"line":469,"column":58},"end":{"line":469,"column":68}},"loc":{"start":{"line":469,"column":73},"end":{"line":469,"column":107}},"line":469}},"branchMap":{"0":{"loc":{"start":{"line":35,"column":2},"end":{"line":35,"column":null}},"type":"if","locations":[{"start":{"line":35,"column":2},"end":{"line":35,"column":null}},{"start":{},"end":{}}],"line":35},"1":{"loc":{"start":{"line":36,"column":2},"end":{"line":36,"column":null}},"type":"if","locations":[{"start":{"line":36,"column":2},"end":{"line":36,"column":null}},{"start":{},"end":{}}],"line":36},"2":{"loc":{"start":{"line":37,"column":2},"end":{"line":37,"column":null}},"type":"if","locations":[{"start":{"line":37,"column":2},"end":{"line":37,"column":null}},{"start":{},"end":{}}],"line":37},"3":{"loc":{"start":{"line":38,"column":2},"end":{"line":38,"column":null}},"type":"if","locations":[{"start":{"line":38,"column":2},"end":{"line":38,"column":null}},{"start":{},"end":{}}],"line":38},"4":{"loc":{"start":{"line":59,"column":2},"end":{"line":59,"column":null}},"type":"if","locations":[{"start":{"line":59,"column":2},"end":{"line":59,"column":null}},{"start":{},"end":{}}],"line":59},"5":{"loc":{"start":{"line":59,"column":6},"end":{"line":59,"column":34}},"type":"binary-expr","locations":[{"start":{"line":59,"column":6},"end":{"line":59,"column":15}},{"start":{"line":59,"column":15},"end":{"line":59,"column":34}}],"line":59},"6":{"loc":{"start":{"line":61,"column":24},"end":{"line":61,"column":null}},"type":"binary-expr","locations":[{"start":{"line":61,"column":24},"end":{"line":61,"column":37}},{"start":{"line":61,"column":37},"end":{"line":61,"column":null}}],"line":61},"7":{"loc":{"start":{"line":62,"column":15},"end":{"line":62,"column":null}},"type":"cond-expr","locations":[{"start":{"line":62,"column":35},"end":{"line":62,"column":89}},{"start":{"line":62,"column":89},"end":{"line":62,"column":null}}],"line":62},"8":{"loc":{"start":{"line":64,"column":33},"end":{"line":64,"column":79}},"type":"binary-expr","locations":[{"start":{"line":64,"column":33},"end":{"line":64,"column":58}},{"start":{"line":64,"column":58},"end":{"line":64,"column":79}}],"line":64},"9":{"loc":{"start":{"line":66,"column":17},"end":{"line":66,"column":null}},"type":"binary-expr","locations":[{"start":{"line":66,"column":17},"end":{"line":66,"column":38}},{"start":{"line":66,"column":38},"end":{"line":66,"column":null}}],"line":66},"10":{"loc":{"start":{"line":67,"column":25},"end":{"line":67,"column":null}},"type":"binary-expr","locations":[{"start":{"line":67,"column":25},"end":{"line":67,"column":40}},{"start":{"line":67,"column":40},"end":{"line":67,"column":null}}],"line":67},"11":{"loc":{"start":{"line":71,"column":4},"end":{"line":77,"column":null}},"type":"if","locations":[{"start":{"line":71,"column":4},"end":{"line":77,"column":null}},{"start":{},"end":{}}],"line":71},"12":{"loc":{"start":{"line":71,"column":8},"end":{"line":71,"column":46}},"type":"binary-expr","locations":[{"start":{"line":71,"column":8},"end":{"line":71,"column":32}},{"start":{"line":71,"column":32},"end":{"line":71,"column":46}}],"line":71},"13":{"loc":{"start":{"line":73,"column":28},"end":{"line":73,"column":48}},"type":"binary-expr","locations":[{"start":{"line":73,"column":28},"end":{"line":73,"column":47}},{"start":{"line":73,"column":47},"end":{"line":73,"column":48}}],"line":73},"14":{"loc":{"start":{"line":74,"column":28},"end":{"line":74,"column":48}},"type":"binary-expr","locations":[{"start":{"line":74,"column":28},"end":{"line":74,"column":47}},{"start":{"line":74,"column":47},"end":{"line":74,"column":48}}],"line":74},"15":{"loc":{"start":{"line":75,"column":15},"end":{"line":75,"column":null}},"type":"cond-expr","locations":[{"start":{"line":75,"column":37},"end":{"line":75,"column":51}},{"start":{"line":75,"column":51},"end":{"line":75,"column":null}}],"line":75},"16":{"loc":{"start":{"line":96,"column":21},"end":{"line":96,"column":null}},"type":"cond-expr","locations":[{"start":{"line":96,"column":50},"end":{"line":96,"column":86}},{"start":{"line":96,"column":86},"end":{"line":96,"column":null}}],"line":96},"17":{"loc":{"start":{"line":96,"column":93},"end":{"line":96,"column":105}},"type":"binary-expr","locations":[{"start":{"line":96,"column":93},"end":{"line":96,"column":103}},{"start":{"line":96,"column":103},"end":{"line":96,"column":105}}],"line":96},"18":{"loc":{"start":{"line":110,"column":4},"end":{"line":120,"column":null}},"type":"if","locations":[{"start":{"line":110,"column":4},"end":{"line":120,"column":null}},{"start":{},"end":{}}],"line":110},"19":{"loc":{"start":{"line":122,"column":4},"end":{"line":148,"column":null}},"type":"if","locations":[{"start":{"line":122,"column":4},"end":{"line":148,"column":null}},{"start":{},"end":{}}],"line":122},"20":{"loc":{"start":{"line":123,"column":63},"end":{"line":123,"column":78}},"type":"binary-expr","locations":[{"start":{"line":123,"column":63},"end":{"line":123,"column":77}},{"start":{"line":123,"column":77},"end":{"line":123,"column":78}}],"line":123},"21":{"loc":{"start":{"line":127,"column":31},"end":{"line":127,"column":46}},"type":"binary-expr","locations":[{"start":{"line":127,"column":31},"end":{"line":127,"column":45}},{"start":{"line":127,"column":45},"end":{"line":127,"column":46}}],"line":127},"22":{"loc":{"start":{"line":128,"column":30},"end":{"line":128,"column":null}},"type":"cond-expr","locations":[{"start":{"line":128,"column":43},"end":{"line":128,"column":58}},{"start":{"line":128,"column":58},"end":{"line":128,"column":null}}],"line":128},"23":{"loc":{"start":{"line":136,"column":23},"end":{"line":136,"column":null}},"type":"cond-expr","locations":[{"start":{"line":136,"column":41},"end":{"line":136,"column":50}},{"start":{"line":136,"column":50},"end":{"line":136,"column":null}}],"line":136},"24":{"loc":{"start":{"line":150,"column":4},"end":{"line":182,"column":null}},"type":"if","locations":[{"start":{"line":150,"column":4},"end":{"line":182,"column":null}},{"start":{},"end":{}}],"line":150},"25":{"loc":{"start":{"line":153,"column":27},"end":{"line":153,"column":42}},"type":"binary-expr","locations":[{"start":{"line":153,"column":27},"end":{"line":153,"column":41}},{"start":{"line":153,"column":41},"end":{"line":153,"column":42}}],"line":153},"26":{"loc":{"start":{"line":158,"column":27},"end":{"line":158,"column":null}},"type":"cond-expr","locations":[{"start":{"line":158,"column":38},"end":{"line":158,"column":46}},{"start":{"line":158,"column":46},"end":{"line":158,"column":null}}],"line":158},"27":{"loc":{"start":{"line":159,"column":23},"end":{"line":159,"column":null}},"type":"cond-expr","locations":[{"start":{"line":159,"column":34},"end":{"line":159,"column":40}},{"start":{"line":159,"column":40},"end":{"line":159,"column":null}}],"line":159},"28":{"loc":{"start":{"line":160,"column":23},"end":{"line":160,"column":null}},"type":"cond-expr","locations":[{"start":{"line":160,"column":33},"end":{"line":160,"column":49}},{"start":{"line":160,"column":49},"end":{"line":160,"column":null}}],"line":160},"29":{"loc":{"start":{"line":168,"column":15},"end":{"line":168,"column":null}},"type":"binary-expr","locations":[{"start":{"line":168,"column":15},"end":{"line":168,"column":27}},{"start":{"line":168,"column":27},"end":{"line":168,"column":null}}],"line":168},"30":{"loc":{"start":{"line":169,"column":15},"end":{"line":169,"column":null}},"type":"binary-expr","locations":[{"start":{"line":169,"column":15},"end":{"line":169,"column":27}},{"start":{"line":169,"column":27},"end":{"line":169,"column":null}}],"line":169},"31":{"loc":{"start":{"line":170,"column":15},"end":{"line":170,"column":null}},"type":"binary-expr","locations":[{"start":{"line":170,"column":15},"end":{"line":170,"column":27}},{"start":{"line":170,"column":27},"end":{"line":170,"column":null}}],"line":170},"32":{"loc":{"start":{"line":176,"column":59},"end":{"line":176,"column":84}},"type":"binary-expr","locations":[{"start":{"line":176,"column":59},"end":{"line":176,"column":72}},{"start":{"line":176,"column":72},"end":{"line":176,"column":84}}],"line":176},"33":{"loc":{"start":{"line":177,"column":59},"end":{"line":177,"column":84}},"type":"binary-expr","locations":[{"start":{"line":177,"column":59},"end":{"line":177,"column":72}},{"start":{"line":177,"column":72},"end":{"line":177,"column":84}}],"line":177},"34":{"loc":{"start":{"line":191,"column":9},"end":{"line":191,"column":null}},"type":"binary-expr","locations":[{"start":{"line":191,"column":9},"end":{"line":191,"column":21}},{"start":{"line":191,"column":21},"end":{"line":191,"column":null}}],"line":191},"35":{"loc":{"start":{"line":192,"column":9},"end":{"line":192,"column":null}},"type":"binary-expr","locations":[{"start":{"line":192,"column":9},"end":{"line":192,"column":21}},{"start":{"line":192,"column":21},"end":{"line":192,"column":null}}],"line":192},"36":{"loc":{"start":{"line":193,"column":9},"end":{"line":193,"column":null}},"type":"binary-expr","locations":[{"start":{"line":193,"column":9},"end":{"line":193,"column":21}},{"start":{"line":193,"column":21},"end":{"line":193,"column":null}}],"line":193},"37":{"loc":{"start":{"line":198,"column":9},"end":{"line":198,"column":null}},"type":"binary-expr","locations":[{"start":{"line":198,"column":9},"end":{"line":198,"column":23}},{"start":{"line":198,"column":23},"end":{"line":198,"column":null}}],"line":198},"38":{"loc":{"start":{"line":202,"column":4},"end":{"line":241,"column":null}},"type":"if","locations":[{"start":{"line":202,"column":4},"end":{"line":241,"column":null}},{"start":{},"end":{}}],"line":202},"39":{"loc":{"start":{"line":202,"column":8},"end":{"line":202,"column":56}},"type":"binary-expr","locations":[{"start":{"line":202,"column":8},"end":{"line":202,"column":32}},{"start":{"line":202,"column":32},"end":{"line":202,"column":56}}],"line":202},"40":{"loc":{"start":{"line":203,"column":22},"end":{"line":211,"column":null}},"type":"cond-expr","locations":[{"start":{"line":204,"column":10},"end":{"line":210,"column":null}},{"start":{"line":211,"column":10},"end":{"line":211,"column":null}}],"line":203},"41":{"loc":{"start":{"line":205,"column":56},"end":{"line":205,"column":71}},"type":"binary-expr","locations":[{"start":{"line":205,"column":56},"end":{"line":205,"column":70}},{"start":{"line":205,"column":70},"end":{"line":205,"column":71}}],"line":205},"42":{"loc":{"start":{"line":205,"column":82},"end":{"line":205,"column":97}},"type":"binary-expr","locations":[{"start":{"line":205,"column":82},"end":{"line":205,"column":96}},{"start":{"line":205,"column":96},"end":{"line":205,"column":97}}],"line":205},"43":{"loc":{"start":{"line":208,"column":66},"end":{"line":208,"column":81}},"type":"binary-expr","locations":[{"start":{"line":208,"column":66},"end":{"line":208,"column":80}},{"start":{"line":208,"column":80},"end":{"line":208,"column":81}}],"line":208},"44":{"loc":{"start":{"line":208,"column":92},"end":{"line":208,"column":107}},"type":"binary-expr","locations":[{"start":{"line":208,"column":92},"end":{"line":208,"column":106}},{"start":{"line":208,"column":106},"end":{"line":208,"column":107}}],"line":208},"45":{"loc":{"start":{"line":208,"column":158},"end":{"line":208,"column":175}},"type":"binary-expr","locations":[{"start":{"line":208,"column":158},"end":{"line":208,"column":174}},{"start":{"line":208,"column":174},"end":{"line":208,"column":175}}],"line":208},"46":{"loc":{"start":{"line":223,"column":29},"end":{"line":223,"column":null}},"type":"cond-expr","locations":[{"start":{"line":223,"column":54},"end":{"line":223,"column":59}},{"start":{"line":223,"column":59},"end":{"line":223,"column":null}}],"line":223},"47":{"loc":{"start":{"line":236,"column":15},"end":{"line":236,"column":null}},"type":"binary-expr","locations":[{"start":{"line":236,"column":15},"end":{"line":236,"column":29}},{"start":{"line":236,"column":29},"end":{"line":236,"column":null}}],"line":236},"48":{"loc":{"start":{"line":243,"column":4},"end":{"line":254,"column":null}},"type":"if","locations":[{"start":{"line":243,"column":4},"end":{"line":254,"column":null}},{"start":{},"end":{}}],"line":243},"49":{"loc":{"start":{"line":256,"column":4},"end":{"line":273,"column":null}},"type":"if","locations":[{"start":{"line":256,"column":4},"end":{"line":273,"column":null}},{"start":{},"end":{}}],"line":256},"50":{"loc":{"start":{"line":275,"column":4},"end":{"line":299,"column":null}},"type":"if","locations":[{"start":{"line":275,"column":4},"end":{"line":299,"column":null}},{"start":{},"end":{}}],"line":275},"51":{"loc":{"start":{"line":275,"column":8},"end":{"line":275,"column":92}},"type":"binary-expr","locations":[{"start":{"line":275,"column":8},"end":{"line":275,"column":32}},{"start":{"line":275,"column":32},"end":{"line":275,"column":64}},{"start":{"line":275,"column":64},"end":{"line":275,"column":92}}],"line":275},"52":{"loc":{"start":{"line":280,"column":55},"end":{"line":280,"column":null}},"type":"cond-expr","locations":[{"start":{"line":280,"column":69},"end":{"line":280,"column":73}},{"start":{"line":280,"column":73},"end":{"line":280,"column":null}}],"line":280},"53":{"loc":{"start":{"line":284,"column":49},"end":{"line":284,"column":73}},"type":"binary-expr","locations":[{"start":{"line":284,"column":49},"end":{"line":284,"column":62}},{"start":{"line":284,"column":62},"end":{"line":284,"column":73}}],"line":284},"54":{"loc":{"start":{"line":291,"column":24},"end":{"line":291,"column":null}},"type":"cond-expr","locations":[{"start":{"line":291,"column":38},"end":{"line":291,"column":42}},{"start":{"line":291,"column":42},"end":{"line":291,"column":null}}],"line":291},"55":{"loc":{"start":{"line":292,"column":25},"end":{"line":292,"column":null}},"type":"cond-expr","locations":[{"start":{"line":292,"column":56},"end":{"line":292,"column":62}},{"start":{"line":292,"column":62},"end":{"line":292,"column":null}}],"line":292},"56":{"loc":{"start":{"line":301,"column":4},"end":{"line":316,"column":null}},"type":"if","locations":[{"start":{"line":301,"column":4},"end":{"line":316,"column":null}},{"start":{},"end":{}}],"line":301},"57":{"loc":{"start":{"line":306,"column":15},"end":{"line":306,"column":null}},"type":"binary-expr","locations":[{"start":{"line":306,"column":15},"end":{"line":306,"column":27}},{"start":{"line":306,"column":27},"end":{"line":306,"column":null}}],"line":306},"58":{"loc":{"start":{"line":307,"column":15},"end":{"line":307,"column":null}},"type":"binary-expr","locations":[{"start":{"line":307,"column":15},"end":{"line":307,"column":27}},{"start":{"line":307,"column":27},"end":{"line":307,"column":null}}],"line":307},"59":{"loc":{"start":{"line":308,"column":15},"end":{"line":308,"column":null}},"type":"binary-expr","locations":[{"start":{"line":308,"column":15},"end":{"line":308,"column":27}},{"start":{"line":308,"column":27},"end":{"line":308,"column":null}}],"line":308},"60":{"loc":{"start":{"line":310,"column":15},"end":{"line":310,"column":null}},"type":"binary-expr","locations":[{"start":{"line":310,"column":15},"end":{"line":310,"column":29}},{"start":{"line":310,"column":29},"end":{"line":310,"column":null}}],"line":310},"61":{"loc":{"start":{"line":318,"column":4},"end":{"line":333,"column":null}},"type":"if","locations":[{"start":{"line":318,"column":4},"end":{"line":333,"column":null}},{"start":{},"end":{}}],"line":318},"62":{"loc":{"start":{"line":323,"column":15},"end":{"line":323,"column":null}},"type":"binary-expr","locations":[{"start":{"line":323,"column":15},"end":{"line":323,"column":27}},{"start":{"line":323,"column":27},"end":{"line":323,"column":null}}],"line":323},"63":{"loc":{"start":{"line":324,"column":15},"end":{"line":324,"column":null}},"type":"binary-expr","locations":[{"start":{"line":324,"column":15},"end":{"line":324,"column":27}},{"start":{"line":324,"column":27},"end":{"line":324,"column":null}}],"line":324},"64":{"loc":{"start":{"line":325,"column":15},"end":{"line":325,"column":null}},"type":"binary-expr","locations":[{"start":{"line":325,"column":15},"end":{"line":325,"column":27}},{"start":{"line":325,"column":27},"end":{"line":325,"column":null}}],"line":325},"65":{"loc":{"start":{"line":327,"column":15},"end":{"line":327,"column":null}},"type":"binary-expr","locations":[{"start":{"line":327,"column":15},"end":{"line":327,"column":29}},{"start":{"line":327,"column":29},"end":{"line":327,"column":null}}],"line":327},"66":{"loc":{"start":{"line":335,"column":4},"end":{"line":350,"column":null}},"type":"if","locations":[{"start":{"line":335,"column":4},"end":{"line":350,"column":null}},{"start":{},"end":{}}],"line":335},"67":{"loc":{"start":{"line":345,"column":15},"end":{"line":345,"column":null}},"type":"binary-expr","locations":[{"start":{"line":345,"column":15},"end":{"line":345,"column":29}},{"start":{"line":345,"column":29},"end":{"line":345,"column":null}}],"line":345},"68":{"loc":{"start":{"line":360,"column":11},"end":{"line":361,"column":null}},"type":"binary-expr","locations":[{"start":{"line":360,"column":11},"end":{"line":360,"column":26}},{"start":{"line":360,"column":26},"end":{"line":361,"column":null}}],"line":360},"69":{"loc":{"start":{"line":363,"column":10},"end":{"line":424,"column":null}},"type":"binary-expr","locations":[{"start":{"line":363,"column":10},"end":{"line":363,"column":28}},{"start":{"line":363,"column":28},"end":{"line":363,"column":null}},{"start":{"line":364,"column":10},"end":{"line":424,"column":null}}],"line":363},"70":{"loc":{"start":{"line":368,"column":28},"end":{"line":368,"column":null}},"type":"cond-expr","locations":[{"start":{"line":368,"column":51},"end":{"line":368,"column":69}},{"start":{"line":368,"column":69},"end":{"line":368,"column":null}}],"line":368},"71":{"loc":{"start":{"line":378,"column":28},"end":{"line":378,"column":null}},"type":"cond-expr","locations":[{"start":{"line":378,"column":51},"end":{"line":378,"column":69}},{"start":{"line":378,"column":69},"end":{"line":378,"column":null}}],"line":378},"72":{"loc":{"start":{"line":385,"column":13},"end":{"line":409,"column":null}},"type":"binary-expr","locations":[{"start":{"line":385,"column":13},"end":{"line":385,"column":null}},{"start":{"line":386,"column":14},"end":{"line":409,"column":null}}],"line":385},"73":{"loc":{"start":{"line":388,"column":23},"end":{"line":388,"column":null}},"type":"binary-expr","locations":[{"start":{"line":388,"column":23},"end":{"line":388,"column":44}},{"start":{"line":388,"column":44},"end":{"line":388,"column":null}}],"line":388},"74":{"loc":{"start":{"line":391,"column":39},"end":{"line":391,"column":96}},"type":"cond-expr","locations":[{"start":{"line":391,"column":80},"end":{"line":391,"column":87}},{"start":{"line":391,"column":87},"end":{"line":391,"column":96}}],"line":391},"75":{"loc":{"start":{"line":392,"column":30},"end":{"line":392,"column":71}},"type":"cond-expr","locations":[{"start":{"line":392,"column":54},"end":{"line":392,"column":64}},{"start":{"line":392,"column":64},"end":{"line":392,"column":71}}],"line":392},"76":{"loc":{"start":{"line":415,"column":28},"end":{"line":415,"column":null}},"type":"cond-expr","locations":[{"start":{"line":415,"column":43},"end":{"line":415,"column":61}},{"start":{"line":415,"column":61},"end":{"line":415,"column":null}}],"line":415},"77":{"loc":{"start":{"line":426,"column":7},"end":{"line":473,"column":null}},"type":"binary-expr","locations":[{"start":{"line":426,"column":7},"end":{"line":426,"column":null}},{"start":{"line":427,"column":8},"end":{"line":473,"column":null}}],"line":426},"78":{"loc":{"start":{"line":476,"column":7},"end":{"line":480,"column":null}},"type":"binary-expr","locations":[{"start":{"line":476,"column":7},"end":{"line":476,"column":24}},{"start":{"line":476,"column":24},"end":{"line":476,"column":null}},{"start":{"line":477,"column":8},"end":{"line":480,"column":null}}],"line":476},"79":{"loc":{"start":{"line":483,"column":7},"end":{"line":483,"column":null}},"type":"cond-expr","locations":[{"start":{"line":483,"column":47},"end":{"line":483,"column":63}},{"start":{"line":483,"column":63},"end":{"line":483,"column":null}}],"line":483},"80":{"loc":{"start":{"line":483,"column":7},"end":{"line":483,"column":47}},"type":"binary-expr","locations":[{"start":{"line":483,"column":7},"end":{"line":483,"column":24}},{"start":{"line":483,"column":24},"end":{"line":483,"column":47}}],"line":483}},"s":{"0":1,"1":1,"2":5,"3":0,"4":5,"5":0,"6":5,"7":0,"8":5,"9":0,"10":5,"11":1,"12":5,"13":5,"14":5,"15":5,"16":5,"17":5,"18":5,"19":5,"20":5,"21":5,"22":5,"23":5,"24":5,"25":1,"26":4,"27":5,"28":5,"29":5,"30":5,"31":5,"32":5,"33":4,"34":4,"35":0,"36":0,"37":0,"38":0,"39":4,"40":5,"41":3,"42":3,"43":6,"44":5,"45":10,"46":5,"47":1,"48":1,"49":1,"50":1,"51":0,"52":0,"53":0,"54":0,"55":0,"56":0,"57":0,"58":0,"59":0,"60":0,"61":0,"62":0,"63":0,"64":0,"65":0,"66":0,"67":0,"68":0,"69":0,"70":0,"71":0,"72":0,"73":0,"74":0,"75":0,"76":0,"77":0,"78":0,"79":0,"80":0,"81":0,"82":0,"83":0,"84":0,"85":0,"86":0,"87":0,"88":0,"89":0,"90":0,"91":0,"92":0,"93":0,"94":0,"95":0,"96":0,"97":0,"98":0,"99":0,"100":0,"101":0,"102":0,"103":5,"104":0,"105":0,"106":0,"107":0,"108":0,"109":0,"110":0,"111":0,"112":0,"113":0,"114":0,"115":0},"f":{"0":5,"1":5,"2":4,"3":0,"4":3,"5":6,"6":5,"7":10,"8":1,"9":0,"10":0,"11":0,"12":0,"13":0,"14":0,"15":0,"16":0,"17":0,"18":0,"19":0,"20":0,"21":0,"22":0,"23":0,"24":0,"25":0,"26":0,"27":0,"28":0,"29":0,"30":0,"31":0,"32":0,"33":0,"34":0,"35":0,"36":0,"37":0,"38":0,"39":0},"b":{"0":[0,5],"1":[0,5],"2":[0,5],"3":[0,5],"4":[1,4],"5":[5,5],"6":[4,2],"7":[0,4],"8":[5,0],"9":[5,0],"10":[5,4],"11":[0,4],"12":[4,0],"13":[0,0],"14":[0,0],"15":[0,0],"16":[4,6],"17":[6,1],"18":[1,0],"19":[0,0],"20":[0,0],"21":[0,0],"22":[0,0],"23":[0,0],"24":[0,0],"25":[0,0],"26":[0,0],"27":[0,0],"28":[0,0],"29":[0,0],"30":[0,0],"31":[0,0],"32":[0,0],"33":[0,0],"34":[0,0],"35":[0,0],"36":[0,0],"37":[0,0],"38":[0,0],"39":[0,0],"40":[0,0],"41":[0,0],"42":[0,0],"43":[0,0],"44":[0,0],"45":[0,0],"46":[0,0],"47":[0,0],"48":[0,0],"49":[0,0],"50":[0,0],"51":[0,0,0],"52":[0,0],"53":[0,0],"54":[0,0],"55":[0,0],"56":[0,0],"57":[0,0],"58":[0,0],"59":[0,0],"60":[0,0],"61":[0,0],"62":[0,0],"63":[0,0],"64":[0,0],"65":[0,0],"66":[0,0],"67":[0,0],"68":[5,0],"69":[5,3,1],"70":[1,0],"71":[0,1],"72":[1,0],"73":[0,0],"74":[0,0],"75":[0,0],"76":[0,1],"77":[5,0],"78":[5,3,1],"79":[3,1],"80":[5,1]},"meta":{"lastBranch":81,"lastFunction":40,"lastStatement":116,"seen":{"s:28:17:32:Infinity":0,"s:34:6:40:Infinity":1,"f:34:6:34:21":0,"b:35:2:35:Infinity:undefined:undefined:undefined:undefined":0,"s:35:2:35:Infinity":2,"s:35:31:35:Infinity":3,"b:36:2:36:Infinity:undefined:undefined:undefined:undefined":1,"s:36:2:36:Infinity":4,"s:36:28:36:Infinity":5,"b:37:2:37:Infinity:undefined:undefined:undefined:undefined":2,"s:37:2:37:Infinity":6,"s:37:29:37:Infinity":7,"b:38:2:38:Infinity:undefined:undefined:undefined:undefined":3,"s:38:2:38:Infinity":8,"s:38:28:38:Infinity":9,"s:39:2:39:Infinity":10,"s:42:6:486:Infinity":11,"f:42:6:42:23":1,"s:43:34:43:Infinity":12,"s:44:52:44:Infinity":13,"s:47:42:47:Infinity":14,"s:48:40:48:Infinity":15,"s:49:32:49:Infinity":16,"s:50:34:50:Infinity":17,"s:51:38:51:Infinity":18,"s:52:42:52:Infinity":19,"s:53:36:53:Infinity":20,"s:55:18:55:Infinity":21,"s:56:25:56:Infinity":22,"s:57:24:57:Infinity":23,"b:59:2:59:Infinity:undefined:undefined:undefined:undefined":4,"s:59:2:59:Infinity":24,"b:59:6:59:15:59:15:59:34":5,"s:59:34:59:Infinity":25,"s:61:24:61:Infinity":26,"b:61:24:61:37:61:37:61:Infinity":6,"s:62:15:62:Infinity":27,"b:62:35:62:89:62:89:62:Infinity":7,"s:63:24:63:Infinity":28,"s:64:25:64:Infinity":29,"b:64:33:64:58:64:58:64:79":8,"s:66:17:66:Infinity":30,"b:66:17:66:38:66:38:66:Infinity":9,"s:67:25:67:Infinity":31,"b:67:25:67:40:67:40:67:Infinity":10,"s:69:24:79:Infinity":32,"f:69:24:69:38":2,"s:70:12:70:Infinity":33,"b:71:4:77:Infinity:undefined:undefined:undefined:undefined":11,"s:71:4:77:Infinity":34,"b:71:8:71:32:71:32:71:46":12,"s:72:6:76:Infinity":35,"f:72:8:72:14":3,"s:73:21:73:Infinity":36,"b:73:28:73:47:73:47:73:48":13,"s:74:21:74:Infinity":37,"b:74:28:74:47:74:47:74:48":14,"s:75:8:75:Infinity":38,"b:75:37:75:51:75:51:75:Infinity":15,"s:78:4:78:Infinity":39,"s:81:8:105:Infinity":40,"f:81:8:81:28":4,"s:82:17:82:Infinity":41,"s:83:4:103:Infinity":42,"f:88:20:88:25":5,"s:88:31:88:153":43,"f:92:27:92:32":6,"s:93:14:99:Infinity":44,"f:94:22:94:27":7,"s:95:18:97:Infinity":45,"b:96:50:96:86:96:86:96:Infinity":16,"b:96:93:96:103:96:103:96:105":17,"s:107:8:353:Infinity":46,"f:107:8:107:28":8,"s:108:45:108:Infinity":47,"b:110:4:120:Infinity:undefined:undefined:undefined:undefined":18,"s:110:4:120:Infinity":48,"s:111:18:111:Infinity":49,"s:112:6:118:Infinity":50,"b:122:4:148:Infinity:undefined:undefined:undefined:undefined":19,"s:122:4:148:Infinity":51,"s:123:21:123:Infinity":52,"f:123:47:123:51":9,"s:123:56:123:79":53,"b:123:63:123:77:123:77:123:78":20,"s:124:6:146:Infinity":54,"f:126:25:126:30":10,"s:127:24:127:Infinity":55,"b:127:31:127:45:127:45:127:46":21,"s:128:30:128:Infinity":56,"b:128:43:128:58:128:58:128:Infinity":22,"s:129:12:143:Infinity":57,"b:136:41:136:50:136:50:136:Infinity":23,"b:150:4:182:Infinity:undefined:undefined:undefined:undefined":24,"s:150:4:182:Infinity":58,"s:151:23:151:Infinity":59,"s:152:21:163:Infinity":60,"f:152:35:152:39":11,"s:153:20:153:Infinity":61,"b:153:27:153:41:153:41:153:42":25,"s:154:22:154:Infinity":62,"s:155:8:155:Infinity":63,"s:156:8:162:Infinity":64,"b:158:38:158:46:158:46:158:Infinity":26,"b:159:34:159:40:159:40:159:Infinity":27,"b:160:33:160:49:160:49:160:Infinity":28,"s:164:6:180:Infinity":65,"b:168:15:168:27:168:27:168:Infinity":29,"b:169:15:169:27:169:27:169:Infinity":30,"b:170:15:170:27:170:27:170:Infinity":31,"f:170:65:170:81":12,"s:170:87:170:118":66,"f:173:16:173:28":13,"s:173:51:173:Infinity":67,"b:176:59:176:72:176:72:176:84":32,"b:177:59:177:72:177:72:177:84":33,"s:184:24:187:Infinity":68,"s:189:10:199:Infinity":69,"f:189:10:189:Infinity":14,"s:190:6:199:Infinity":70,"b:191:9:191:21:191:21:191:Infinity":34,"b:192:9:192:21:192:21:192:Infinity":35,"b:193:9:193:21:193:21:193:Infinity":36,"f:193:59:193:75":15,"s:193:81:193:112":71,"f:196:10:196:22":16,"s:196:32:196:Infinity":72,"b:198:9:198:23:198:23:198:Infinity":37,"b:202:4:241:Infinity:undefined:undefined:undefined:undefined":38,"s:202:4:241:Infinity":73,"b:202:8:202:32:202:32:202:56":39,"s:203:22:211:Infinity":74,"b:204:10:210:Infinity:211:10:211:Infinity":40,"f:205:34:205:40":17,"s:205:49:205:98":75,"b:205:56:205:70:205:70:205:71":41,"b:205:82:205:96:205:96:205:97":42,"f:208:44:208:50":18,"s:208:59:208:108":76,"b:208:66:208:80:208:80:208:81":43,"b:208:92:208:106:208:106:208:107":44,"f:208:120:208:128":19,"s:208:143:208:178":77,"b:208:158:208:174:208:174:208:175":45,"s:212:6:239:Infinity":78,"b:223:54:223:59:223:59:223:Infinity":46,"f:225:16:225:24":20,"s:225:46:225:Infinity":79,"f:228:25:228:30":21,"s:229:18:229:Infinity":80,"f:234:16:234:28":22,"s:234:38:234:Infinity":81,"b:236:15:236:29:236:29:236:Infinity":47,"b:243:4:254:Infinity:undefined:undefined:undefined:undefined":48,"s:243:4:254:Infinity":82,"s:244:6:252:Infinity":83,"b:256:4:273:Infinity:undefined:undefined:undefined:undefined":49,"s:256:4:273:Infinity":84,"s:257:6:271:Infinity":85,"b:275:4:299:Infinity:undefined:undefined:undefined:undefined":50,"s:275:4:299:Infinity":86,"b:275:8:275:32:275:32:275:64:275:64:275:92":51,"s:276:26:276:Infinity":87,"s:277:6:297:Infinity":88,"b:280:69:280:73:280:73:280:Infinity":52,"b:284:49:284:62:284:62:284:73":53,"b:291:38:291:42:291:42:291:Infinity":54,"b:292:56:292:62:292:62:292:Infinity":55,"b:301:4:316:Infinity:undefined:undefined:undefined:undefined":56,"s:301:4:316:Infinity":89,"s:302:6:314:Infinity":90,"b:306:15:306:27:306:27:306:Infinity":57,"b:307:15:307:27:307:27:307:Infinity":58,"f:307:79:307:95":23,"s:307:101:307:132":91,"b:308:15:308:27:308:27:308:Infinity":59,"f:309:152:309:164":24,"s:309:170:309:201":92,"b:310:15:310:29:310:29:310:Infinity":60,"b:318:4:333:Infinity:undefined:undefined:undefined:undefined":61,"s:318:4:333:Infinity":93,"s:319:6:331:Infinity":94,"b:323:15:323:27:323:27:323:Infinity":62,"b:324:15:324:27:324:27:324:Infinity":63,"f:324:98:324:114":25,"s:324:120:324:151":95,"b:325:15:325:27:325:27:325:Infinity":64,"f:325:98:325:114":26,"s:325:120:325:151":96,"f:326:188:326:200":27,"s:326:206:326:237":97,"b:327:15:327:29:327:29:327:Infinity":65,"b:335:4:350:Infinity:undefined:undefined:undefined:undefined":66,"s:335:4:350:Infinity":98,"s:336:6:348:Infinity":99,"f:342:62:342:78":28,"s:342:84:342:115":100,"f:344:152:344:164":29,"s:344:170:344:201":101,"b:345:15:345:29:345:29:345:Infinity":67,"s:352:4:352:Infinity":102,"s:355:2:484:Infinity":103,"b:360:11:360:26:360:26:361:Infinity":68,"b:363:10:363:28:363:28:363:Infinity:364:10:424:Infinity":69,"f:366:14:366:29":30,"s:366:29:366:Infinity":104,"b:368:51:368:69:368:69:368:Infinity":70,"f:376:14:376:29":31,"s:376:29:376:Infinity":105,"b:378:51:378:69:378:69:378:Infinity":71,"b:385:13:385:Infinity:386:14:409:Infinity":72,"b:388:23:388:44:388:44:388:Infinity":73,"f:389:16:389:27":32,"s:390:36:390:Infinity":106,"s:391:18:391:Infinity":107,"b:391:80:391:87:391:87:391:96":74,"s:392:18:392:Infinity":108,"b:392:54:392:64:392:64:392:71":75,"f:412:14:412:29":33,"s:412:29:412:Infinity":109,"b:415:43:415:61:415:61:415:Infinity":76,"b:426:7:426:Infinity:427:8:473:Infinity":77,"f:433:14:433:24":34,"s:433:29:433:Infinity":110,"f:440:36:440:46":35,"s:440:51:440:79":111,"f:448:41:448:51":36,"s:448:56:448:89":112,"f:457:38:457:48":37,"s:457:53:457:83":113,"f:465:56:465:66":38,"s:465:71:465:103":114,"f:469:58:469:68":39,"s:469:73:469:107":115,"b:476:7:476:24:476:24:476:Infinity:477:8:480:Infinity":78,"b:483:47:483:63:483:63:483:Infinity":79,"b:483:7:483:24:483:24:483:47":80},"fnNames":{}}}
}
